This file contains any messages produced by compilers while
running configure, to aid debugging if configure makes a mistake.

It was created by calculate_primes configure 0.1, which was
generated by GNU Autoconf 2.68.  Invocation command line was

  $ ./configure 

## --------- ##
## Platform. ##
## --------- ##

hostname = st1
uname -m = x86_64
uname -r = 3.13.0-77-generic
uname -s = Linux
uname -v = #121~precise1-Ubuntu SMP Wed Jan 20 18:02:20 UTC 2016

/usr/bin/uname -p = unknown
/bin/uname -X     = unknown

/bin/arch              = unknown
/usr/bin/arch -k       = unknown
/usr/convex/getsysinfo = unknown
/usr/bin/hostinfo      = unknown
/bin/machine           = unknown
/usr/bin/oslevel       = unknown
/bin/universe          = unknown

PATH: /usr/lib/lightdm/lightdm
PATH: /usr/local/sbin
PATH: /usr/local/bin
PATH: /usr/sbin
PATH: /usr/bin
PATH: /sbin
PATH: /bin
PATH: /usr/games
PATH: /usr/bin/java
PATH: /usr/lib/jvm/java-8-oracle/bin
PATH: /usr/lib/jvm/java-8-oracle/db/bin
PATH: /usr/lib/jvm/java-8-oracle/jre/bin


## ----------- ##
## Core tests. ##
## ----------- ##

configure:1805: checking for a BSD-compatible install
configure:1873: result: /usr/bin/install -c
configure:1884: checking whether build environment is sane
configure:1934: result: yes
configure:2075: checking for a thread-safe mkdir -p
configure:2114: result: /bin/mkdir -p
configure:2127: checking for gawk
configure:2157: result: no
configure:2127: checking for mawk
configure:2143: found /usr/bin/mawk
configure:2154: result: mawk
configure:2165: checking whether make sets $(MAKE)
configure:2187: result: yes
configure:2315: checking for gcc
configure:2331: found /usr/bin/gcc
configure:2342: result: gcc
configure:2571: checking for C compiler version
configure:2580: gcc --version >&5
gcc (Ubuntu/Linaro 4.6.3-1ubuntu5) 4.6.3
Copyright (C) 2011 Free Software Foundation, Inc.
This is free software; see the source for copying conditions.  There is NO
warranty; not even for MERCHANTABILITY or FITNESS FOR A PARTICULAR PURPOSE.

configure:2591: $? = 0
configure:2580: gcc -v >&5
Using built-in specs.
COLLECT_GCC=gcc
COLLECT_LTO_WRAPPER=/usr/lib/gcc/x86_64-linux-gnu/4.6/lto-wrapper
Target: x86_64-linux-gnu
Configured with: ../src/configure -v --with-pkgversion='Ubuntu/Linaro 4.6.3-1ubuntu5' --with-bugurl=file:///usr/share/doc/gcc-4.6/README.Bugs --enable-languages=c,c++,fortran,objc,obj-c++ --prefix=/usr --program-suffix=-4.6 --enable-shared --enable-linker-build-id --with-system-zlib --libexecdir=/usr/lib --without-included-gettext --enable-threads=posix --with-gxx-include-dir=/usr/include/c++/4.6 --libdir=/usr/lib --enable-nls --with-sysroot=/ --enable-clocale=gnu --enable-libstdcxx-debug --enable-libstdcxx-time=yes --enable-gnu-unique-object --enable-plugin --enable-objc-gc --disable-werror --with-arch-32=i686 --with-tune=generic --enable-checking=release --build=x86_64-linux-gnu --host=x86_64-linux-gnu --target=x86_64-linux-gnu
Thread model: posix
gcc version 4.6.3 (Ubuntu/Linaro 4.6.3-1ubuntu5) 
configure:2591: $? = 0
configure:2580: gcc -V >&5
gcc: error: unrecognized option '-V'
gcc: fatal error: no input files
compilation terminated.
configure:2591: $? = 4
configure:2580: gcc -qversion >&5
gcc: error: unrecognized option '-qversion'
gcc: fatal error: no input files
compilation terminated.
configure:2591: $? = 4
configure:2611: checking whether the C compiler works
configure:2633: gcc    conftest.c  >&5
configure:2637: $? = 0
configure:2685: result: yes
configure:2688: checking for C compiler default output file name
configure:2690: result: a.out
configure:2696: checking for suffix of executables
configure:2703: gcc -o conftest    conftest.c  >&5
configure:2707: $? = 0
configure:2729: result: 
configure:2751: checking whether we are cross compiling
configure:2759: gcc -o conftest    conftest.c  >&5
configure:2763: $? = 0
configure:2770: ./conftest
configure:2774: $? = 0
configure:2789: result: no
configure:2794: checking for suffix of object files
configure:2816: gcc -c   conftest.c >&5
configure:2820: $? = 0
configure:2841: result: o
configure:2845: checking whether we are using the GNU C compiler
configure:2864: gcc -c   conftest.c >&5
configure:2864: $? = 0
configure:2873: result: yes
configure:2882: checking whether gcc accepts -g
configure:2902: gcc -c -g  conftest.c >&5
configure:2902: $? = 0
configure:2943: result: yes
configure:2960: checking for gcc option to accept ISO C89
configure:3024: gcc  -c -g -O2  conftest.c >&5
configure:3024: $? = 0
configure:3037: result: none needed
configure:3068: checking for style of include used by make
configure:3096: result: GNU
configure:3122: checking dependency style of gcc
configure:3233: result: gcc3
configure:3416: creating ./config.status

## ---------------------- ##
## Running config.status. ##
## ---------------------- ##

This file was extended by calculate_primes config.status 0.1, which was
generated by GNU Autoconf 2.68.  Invocation command line was

  CONFIG_FILES    = 
  CONFIG_HEADERS  = 
  CONFIG_LINKS    = 
  CONFIG_COMMANDS = 
  $ ./config.status 

on st1

config.status:780: creating Makefile
config.status:952: executing depfiles commands

## ---------------- ##
## Cache variables. ##
## ---------------- ##

ac_cv_c_compiler_gnu=yes
ac_cv_env_CC_set=
ac_cv_env_CC_value=
ac_cv_env_CFLAGS_set=
ac_cv_env_CFLAGS_value=
ac_cv_env_CPPFLAGS_set=
ac_cv_env_CPPFLAGS_value=
ac_cv_env_LDFLAGS_set=
ac_cv_env_LDFLAGS_value=
ac_cv_env_LIBS_set=
ac_cv_env_LIBS_value=
ac_cv_env_build_alias_set=
ac_cv_env_build_alias_value=
ac_cv_env_host_alias_set=
ac_cv_env_host_alias_value=
ac_cv_env_target_alias_set=
ac_cv_env_target_alias_value=
ac_cv_objext=o
ac_cv_path_install='/usr/bin/install -c'
ac_cv_path_mkdir=/bin/mkdir
ac_cv_prog_AWK=mawk
ac_cv_prog_ac_ct_CC=gcc
ac_cv_prog_cc_c89=
ac_cv_prog_cc_g=yes
ac_cv_prog_make_make_set=yes
am_cv_CC_dependencies_compiler_type=gcc3

## ----------------- ##
## Output variables. ##
## ----------------- ##

ACLOCAL='${SHELL} /media/storage/adutev/Workplace/linux_programming/03.Homework/calc_primes/missing --run aclocal-1.11'
AMDEPBACKSLASH='\'
AMDEP_FALSE='#'
AMDEP_TRUE=''
AMTAR='$${TAR-tar}'
AUTOCONF='${SHELL} /media/storage/adutev/Workplace/linux_programming/03.Homework/calc_primes/missing --run autoconf'
AUTOHEADER='${SHELL} /media/storage/adutev/Workplace/linux_programming/03.Homework/calc_primes/missing --run autoheader'
AUTOMAKE='${SHELL} /media/storage/adutev/Workplace/linux_programming/03.Homework/calc_primes/missing --run automake-1.11'
AWK='mawk'
CC='gcc'
CCDEPMODE='depmode=gcc3'
CFLAGS='-g -O2'
CPPFLAGS=''
CYGPATH_W='echo'
DEFS='-DPACKAGE_NAME=\"calculate_primes\" -DPACKAGE_TARNAME=\"calculate_primes\" -DPACKAGE_VERSION=\"0.1\" -DPACKAGE_STRING=\"calculate_primes\ 0.1\" -DPACKAGE_BUGREPORT=\"adutev@gmail.com\" -DPACKAGE_URL=\"\" -DPACKAGE=\"calculate_primes\" -DVERSION=\"0.1\"'
DEPDIR='.deps'
ECHO_C=''
ECHO_N='-n'
ECHO_T=''
EXEEXT=''
INSTALL_DATA='${INSTALL} -m 644'
INSTALL_PROGRAM='${INSTALL}'
INSTALL_SCRIPT='${INSTALL}'
INSTALL_STRIP_PROGRAM='$(install_sh) -c -s'
LDFLAGS=''
LIBOBJS=''
LIBS=''
LTLIBOBJS=''
MAKEINFO='${SHELL} /media/storage/adutev/Workplace/linux_programming/03.Homework/calc_primes/missing --run makeinfo'
MKDIR_P='/bin/mkdir -p'
OBJEXT='o'
PACKAGE='calculate_primes'
PACKAGE_BUGREPORT='adutev@gmail.com'
PACKAGE_NAME='calculate_primes'
PACKAGE_STRING='calculate_primes 0.1'
PACKAGE_TARNAME='calculate_primes'
PACKAGE_URL=''
PACKAGE_VERSION='0.1'
PATH_SEPARATOR=':'
SET_MAKE=''
SHELL='/bin/bash'
STRIP=''
VERSION='0.1'
ac_ct_CC='gcc'
am__EXEEXT_FALSE=''
am__EXEEXT_TRUE='#'
am__fastdepCC_FALSE='#'
am__fastdepCC_TRUE=''
am__include='include'
am__isrc=''
am__leading_dot='.'
am__nodep='_no'
am__quote=''
am__tar='$${TAR-tar} chof - "$$tardir"'
am__untar='$${TAR-tar} xf -'
bindir='${exec_prefix}/bin'
build_alias=''
datadir='${datarootdir}'
datarootdir='${prefix}/share'
docdir='${datarootdir}/doc/${PACKAGE_TARNAME}'
dvidir='${docdir}'
exec_prefix='${prefix}'
host_alias=''
htmldir='${docdir}'
includedir='${prefix}/include'
infodir='${datarootdir}/info'
install_sh='${SHELL} /media/storage/adutev/Workplace/linux_programming/03.Homework/calc_primes/install-sh'
libdir='${exec_prefix}/lib'
libexecdir='${exec_prefix}/libexec'
localedir='${datarootdir}/locale'
localstatedir='${prefix}/var'
mandir='${datarootdir}/man'
mkdir_p='/bin/mkdir -p'
oldincludedir='/usr/include'
pdfdir='${docdir}'
prefix='/usr/local'
program_transform_name='s,x,x,'
psdir='${docdir}'
sbindir='${exec_prefix}/sbin'
sharedstatedir='${prefix}/com'
sysconfdir='${prefix}/etc'
target_alias=''

## ----------- ##
## confdefs.h. ##
## ----------- ##

/* confdefs.h */
#define PACKAGE_NAME "calculate_primes"
#define PACKAGE_TARNAME "calculate_primes"
#define PACKAGE_VERSION "0.1"
#define PACKAGE_STRING "calculate_primes 0.1"
#define PACKAGE_BUGREPORT "adutev@gmail.com"
#define PACKAGE_URL ""
#define PACKAGE "calculate_primes"
#define VERSION "0.1"

configure: exit 0
